# ./nvdla_runtime --loadable lenet/lenet-int8.nvdla   --image Image/Images/126_1
.jpg     --rawdump
creating new runtime context...
Emulator starting
dlaimg height: 28 x 28 x 1: LS: 128 SS: 0 Size: 3584
(DLA_TEST) Error 0x00000004: Mismatched channel: 1 != 4 (in TestUtils.cpp, function createImageCopy(), line 160)
submitting tasks...
[ 1860.565322] Enter:dla_read_network_config
[ 1860.565575] Exit:dla_read_network_config status=0
[ 1860.565759] Enter: dla_initiate_processors
[ 1860.565944] Enter: dla_submit_operation
[ 1860.566096] Prepare Convolution operation index 0 ROI 0 dep_count 1
[ 1860.566305] Enter: dla_prepare_operation
[ 1860.566534] processor:Convolution group:0, rdma_group:0 available
[ 1860.566747] Enter: dla_read_config
[ 1860.566971] Exit: dla_read_config
[ 1860.567156] Exit: dla_prepare_operation status=0
[ 1860.567369] Enter: dla_program_operation
[ 1860.570193] Program Convolution operation index 0 ROI 0 Group[0]
[ 1860.573206] no desc get due to index==-1
[ 1860.573493] no desc get due to index==-1
[ 1860.573649] no desc get due to index==-1
[ 1860.573822] no desc get due to index==-1
[ 1860.573967] no desc get due to index==-1
[ 1860.574123] Enter: dla_op_programmed
[ 1860.574254] Update dependency operation index 3 ROI 0 DEP_COUNT=3
[ 1860.574487] Update dependency operation index 1 ROI 0 DEP_COUNT=1
[ 1860.574697] enable SDP in dla_update_dependency as depdency are resolved
[ 1860.574985] Enter: dla_enable_operation
[ 1860.575164] exit dla_enable_operation without actual enable due to processor hasn't been programmed
[ 1860.577745] Exit: dla_enable_operation status=0
[ 1860.578014] Exit: dla_op_programmed
[ 1860.578157] Exit: dla_program_operation status=0
[ 1860.578322] Exit: dla_submit_operation
[ 1860.578473] Enter: dla_dequeue_operation
[ 1860.578695] Dequeue op from Convolution processor, index=3 ROI=0
[ 1860.578969] Enter: dla_submit_operation
[ 1860.579166] Prepare Convolution operation index 3 ROI 0 dep_count 2
[ 1860.579395] Enter: dla_prepare_operation
[ 1860.581069] processor:Convolution group:1, rdma_group:0 available
[ 1860.581343] Enter: dla_read_config
[ 1860.581616] Exit: dla_read_config
[ 1860.581779] Exit: dla_prepare_operation status=0
[ 1860.581984] Enter: dla_program_operation
[ 1860.582138] Program Convolution operation index 3 ROI 0 Group[1]
[ 1860.586154] no desc get due to index==-1
[ 1860.586433] no desc get due to index==-1
[ 1860.586631] no desc get due to index==-1
[ 1860.586836] no desc get due to index==-1
[ 1860.587050] no desc get due to index==-1
[ 1860.587262] Enter: dla_op_programmed
[ 1860.588651] Update dependency operation index 6 ROI 0 DEP_COUNT=3
[ 1860.588978] Update dependency operation index 4 ROI 0 DEP_COUNT=2
[ 1860.589284] Exit: dla_op_programmed
[ 1860.589456] Exit: dla_program_operation status=0
[ 1860.589673] Exit: dla_submit_operation
[ 1860.589850] Exit: dla_dequeue_operation
[ 1860.590033] Enter: dla_submit_operation
[ 1860.590195] Prepare SDP operation index 1 ROI 0 dep_count 0
[ 1860.590421] Enter: dla_prepare_operation
[ 1860.590669] processor:SDP group:0, rdma_group:0 available
[ 1860.590910] Enter: dla_read_config
[ 1860.591192] Exit: dla_read_config
[ 1860.591348] Exit: dla_prepare_operation status=0
[ 1860.593577] Enter: dla_program_operation
[ 1860.593822] Program SDP operation index 1 ROI 0 Group[0]
[ 1860.595119] no desc get due to index==-1
[ 1860.595353] no desc get due to index==-1
[ 1860.597104] no desc get due to index==-1
[ 1860.597287] no desc get due to index==-1
[ 1860.597481] Enter: dla_op_programmed
[ 1860.597647] Update dependency operation index 4 ROI 0 DEP_COUNT=1
[ 1860.597931] enable SDP in dla_update_dependency as depdency are resolved
[ 1860.598261] Enter: dla_enable_operation
[ 1860.598489] exit dla_enable_operation without actual enable due to processor hasn't been programmed
[ 1860.598919] Exit: dla_enable_operation status=0
[ 1860.599171] Exit: dla_op_programmed
[ 1860.599362] Exit: dla_program_operation status=0
[ 1860.600888] Enter: dla_enable_operation
[ 1860.601071] Enable SDP operation index 1 ROI 0
[ 1860.601406] Enter: dla_op_enabled
[ 1860.601595] Update dependency operation index 0 ROI 0 DEP_COUNT=1
[ 1860.601918] enable Convolution in dla_update_dependency as depdency are resolved
[ 1860.602281] Enter: dla_enable_operation
[ 1860.602472] Enable Convolution operation index 0 ROI 0
[ 1860.603575] Enter: dla_op_enabled
[ 1860.605030] Exit: dla_op_enabled
[ 1860.605197] Exit: dla_enable_operation status=0
[ 1860.605417] Exit: dla_op_enabled
[ 1860.605578] Exit: dla_enable_operation status=0
[ 1860.605791] Exit: dla_submit_operation
[ 1860.605978] Enter: dla_dequeue_operation
[ 1860.606158] Dequeue op from SDP processor, index=4 ROI=0
[ 1860.606430] Enter: dla_submit_operation
[ 1860.606643] Prepare SDP operation index 4 ROI 0 dep_count 0
[ 1860.606894] Enter: dla_prepare_operation
[ 1860.610547] processor:SDP group:1, rdma_group:1 available
[ 1860.612836] Enter: dla_read_config
[ 1860.613317] Exit: dla_read_config
[ 1860.613541] Exit: dla_prepare_operation status=0
[ 1860.613839] Enter: dla_program_operation
[ 1860.614128] Program SDP operation index 4 ROI 0 Group[1]
[ 1860.619027] no desc get due to index==-1
[ 1860.619268] no desc get due to index==-1
[ 1860.620339] no desc get due to index==-1
[ 1860.620579] no desc get due to index==-1
[ 1860.620757] Enter: dla_op_programmed
[ 1860.620924] Update dependency operation index 7 ROI 0 DEP_COUNT=2
[ 1860.621174] Exit: dla_op_programmed
[ 1860.621336] Exit: dla_program_operation status=0
[ 1860.621537] Enter: dla_enable_operation
[ 1860.621711] Enable SDP operation index 4 ROI 0
[ 1860.622287] Enter: dla_op_enabled
[ 1860.622536] Update dependency operation index 3 ROI 0 DEP_COUNT=2
[ 1860.622828] Exit: dla_op_enabled
[ 1860.623005] Exit: dla_enable_operation status=0
[ 1860.623244] Exit: dla_submit_operation
[ 1860.625919] Exit: dla_dequeue_operation
[ 1860.626148] Enter: dla_submit_operation
[ 1860.626337] Prepare PDP operation index 2 ROI 0 dep_count 1
[ 1860.626583] Enter: dla_prepare_operation
[ 1860.626963] processor:PDP group:0, rdma_group:0 available
[ 1860.627161] Enter: dla_read_config
[ 1860.628512] Exit: dla_read_config
[ 1860.628687] Exit: dla_prepare_operation status=0
[ 1860.628886] Enter: dla_program_operation
[ 1860.629083] Program PDP operation index 2 ROI 0 Group[0]
[ 1860.629312] group id 0 rdma id 0
[ 1860.631979] no desc get due to index==-1
[ 1860.633200] no desc get due to index==-1
[ 1860.633401] no desc get due to index==-1
[ 1860.633591] no desc get due to index==-1
[ 1860.633776] no desc get due to index==-1
[ 1860.633963] Enter: dla_op_programmed
[ 1860.634150] Update dependency operation index 5 ROI 0 DEP_COUNT=2
[ 1860.634418] Exit: dla_op_programmed
[ 1860.634591] Exit: dla_program_operation status=0
[ 1860.634814] Exit: dla_submit_operation
[ 1860.635002] Enter: dla_dequeue_operation
[ 1860.635201] Dequeue op from PDP processor, index=5 ROI=0
[ 1860.636968] Enter: dla_submit_operation
[ 1860.637198] Prepare PDP operation index 5 ROI 0 dep_count 1
[ 1860.637439] Enter: dla_prepare_operation
[ 1860.637802] processor:PDP group:1, rdma_group:1 available
[ 1860.638036] Enter: dla_read_config
[ 1860.638332] Exit: dla_read_config
[ 1860.638505] Exit: dla_prepare_operation status=0
[ 1860.638711] Enter: dla_program_operation
[ 1860.638869] Program PDP operation index 5 ROI 0 Group[1]
[ 1860.639088] group id 1 rdma id 1
[ 1860.643247] no desc get due to index==-1
[ 1860.644000] no desc get due to index==-1
[ 1860.644156] no desc get due to index==-1
[ 1860.644306] no desc get due to index==-1
[ 1860.644501] no desc get due to index==-1
[ 1860.644699] no desc get due to index==-1
[ 1860.644881] Enter: dla_op_programmed
[ 1860.645062] Exit: dla_op_programmed
[ 1860.645246] Exit: dla_program_operation status=0
[ 1860.645449] Exit: dla_submit_operation
[ 1860.645649] Exit: dla_dequeue_operation
[ 1860.645855] Exit: dla_initiate_processors status=0
[ 1860.646056] Enter:dla_handle_events, processor:BDMA
[ 1860.646284] Exit:dla_handle_events, ret:0
[ 1860.646488] Enter:dla_handle_events, processor:Convolution
[ 1860.646729] Handle cdma weight done event, processor Convolution group 0
[ 1860.647034] Exit:dla_handle_events, ret:0
[ 1860.647229] Enter:dla_handle_events, processor:SDP
[ 1860.647453] Exit:dla_handle_events, ret:0
[ 1860.647646] Enter:dla_handle_events, processor:PDP
[ 1860.647868] Exit:dla_handle_events, ret:0
[ 1860.648058] Enter:dla_handle_events, processor:CDP
[ 1860.648268] Exit:dla_handle_events, ret:0
[ 1860.648445] Enter:dla_handle_events, processor:RUBIK
[ 1860.648653] Exit:dla_handle_events, ret:0
[ 1860.670449] Enter:dla_handle_events, processor:BDMA
[ 1860.670796] Exit:dla_handle_events, ret:0
[ 1860.671022] Enter:dla_handle_events, processor:Convolution
[ 1860.671283] Handle cdma data done event, processor Convolution group 0
[ 1860.671636] Exit:dla_handle_events, ret:0
[ 1860.671903] Enter:dla_handle_events, processor:SDP
[ 1860.672131] Exit:dla_handle_events, ret:0
[ 1860.672328] Enter:dla_handle_events, processor:PDP
[ 1860.672555] Exit:dla_handle_events, ret:0
[ 1860.672744] Enter:dla_handle_events, processor:CDP
[ 1860.672949] Exit:dla_handle_events, ret:0
[ 1860.673131] Enter:dla_handle_events, processor:RUBIK
[ 1860.673364] Exit:dla_handle_events, ret:0
[ 1869.613392] Enter:dla_handle_events, processor:BDMA
[ 1869.613715] Exit:dla_handle_events, ret:0
[ 1869.613910] Enter:dla_handle_events, processor:Convolution
[ 1869.614165] Handle op complete event, processor Convolution group 0
[ 1869.614461] Enter:dla_op_completion processor Convolution group0
[ 1869.614725] Completed Convolution operation index 0 ROI 0
[ 1869.615004] 1 HWLs done, totally 10 layers
[ 1869.615184] Enter: dla_dequeue_operation
[ 1869.615344] Dequeue op from Convolution processor, index=6 ROI=0
[ 1869.615657] Enter: dla_submit_operation
[ 1869.615844] Prepare Convolution operation index 6 ROI 0 dep_count 2
[ 1869.616120] Enter: dla_prepare_operation
[ 1869.616382] processor:Convolution group:0, rdma_group:0 available
[ 1869.616657] Enter: dla_read_config
[ 1869.616904] Exit: dla_read_config
[ 1869.617082] Exit: dla_prepare_operation status=0
[ 1869.617305] Enter: dla_program_operation
[ 1869.617459] Program Convolution operation index 6 ROI 0 Group[0]
[ 1869.618931] no desc get due to index==-1
[ 1869.619088] no desc get due to index==-1
[ 1869.619224] no desc get due to index==-1
[ 1869.619340] no desc get due to index==-1
[ 1869.619473] no desc get due to index==-1
[ 1869.619619] Enter: dla_op_programmed
[ 1869.619756] Update dependency operation index 8 ROI 0 DEP_COUNT=3
[ 1869.619969] Update dependency operation index 7 ROI 0 DEP_COUNT=1
[ 1869.620175] enable SDP in dla_update_dependency as depdency are resolved
[ 1869.620406] Enter: dla_enable_operation
[ 1869.620548] exit dla_enable_operation without actual enable due to processor hasn't been programmed
[ 1869.620852] Exit: dla_enable_operation status=0
[ 1869.621012] Exit: dla_op_programmed
[ 1869.621138] Exit: dla_program_operation status=0
[ 1869.621322] Exit: dla_submit_operation
[ 1869.621461] Exit: dla_dequeue_operation
[ 1869.621601] Exit:dla_op_completion processor Convolution group0 status=0
[ 1869.621884] Exit:dla_handle_events, ret:0
[ 1869.622113] Enter:dla_handle_events, processor:SDP
[ 1869.622427] Handle op complete event, processor SDP group 0
[ 1869.622750] Enter:dla_op_completion processor SDP group0
[ 1869.623106] Completed SDP operation index 1 ROI 0
[ 1869.623400] Update dependency operation index 2 ROI 0 DEP_COUNT=1
[ 1869.623693] enable PDP in dla_update_dependency as depdency are resolved
[ 1869.623997] Enter: dla_enable_operation
[ 1869.624201] Enable PDP operation index 2 ROI 0
[ 1869.624435] group id 0 rdma id 0
[ 1869.624674] rdma needed 1
[ 1869.624862] Enter: dla_op_enabled
[ 1869.625009] Exit: dla_op_enabled
[ 1869.625183] Exit: dla_enable_operation status=0
[ 1869.625416] 2 HWLs done, totally 10 layers
[ 1869.625626] Enter: dla_free_op_desc op desc index 0 ROI 0
[ 1869.625903] Exit: dla_free_op_desc
[ 1869.626070] Enter: dla_dequeue_operation
[ 1869.626257] Dequeue op from SDP processor, index=7 ROI=0
[ 1869.626489] Enter: dla_submit_operation
[ 1869.626678] Prepare SDP operation index 7 ROI 0 dep_count 0
[ 1869.626935] Enter: dla_prepare_operation
[ 1869.636092] processor:SDP group:0, rdma_group:0 available
[ 1869.636392] Enter: dla_read_config
[ 1869.636681] Exit: dla_read_config
[ 1869.636818] Exit: dla_prepare_operation status=0
[ 1869.636999] Enter: dla_program_operation
[ 1869.637178] Program SDP operation index 7 ROI 0 Group[0]
[ 1869.640576] no desc get due to index==-1
[ 1869.640849] no desc get due to index==-1
[ 1869.641068] no desc get due to index==-1
[ 1869.641229] no desc get due to index==-1
[ 1869.641397] Enter: dla_op_programmed
[ 1869.641609] Update dependency operation index 9 ROI 0 DEP_COUNT=2
[ 1869.641957] Exit: dla_op_programmed
[ 1869.642182] Exit: dla_program_operation status=0
[ 1869.642469] Enter: dla_enable_operation
[ 1869.642717] Enable SDP operation index 7 ROI 0
[ 1869.643481] Enter: dla_op_enabled
[ 1869.643704] Update dependency operation index 6 ROI 0 DEP_COUNT=2
[ 1869.644006] Exit: dla_op_enabled
[ 1869.644204] Exit: dla_enable_operation status=0
[ 1869.644498] Exit: dla_submit_operation
[ 1869.644739] Exit: dla_dequeue_operation
[ 1869.644909] Enter: dla_free_op_desc op desc index 1 ROI 0
[ 1869.645170] Exit: dla_free_op_desc
[ 1869.645314] Exit:dla_op_completion processor SDP group0 status=0
[ 1869.645539] Exit:dla_handle_events, ret:0
[ 1869.645698] Enter:dla_handle_events, processor:PDP
[ 1869.645885] Exit:dla_handle_events, ret:0
[ 1869.646052] Enter:dla_handle_events, processor:CDP
[ 1869.646232] Exit:dla_handle_events, ret:0
[ 1869.646402] Enter:dla_handle_events, processor:RUBIK
[ 1869.646589] Exit:dla_handle_events, ret:0
[ 1869.900292] Enter:dla_handle_events, processor:BDMA
[ 1869.900698] Exit:dla_handle_events, ret:0
[ 1869.900935] Enter:dla_handle_events, processor:Convolution
[ 1869.901236] Exit:dla_handle_events, ret:0
[ 1869.901466] Enter:dla_handle_events, processor:SDP
[ 1869.901732] Exit:dla_handle_events, ret:0
[ 1869.901966] Enter:dla_handle_events, processor:PDP
[ 1869.902244] Handle op complete event, processor PDP group 0
[ 1869.902548] Enter:dla_op_completion processor PDP group0
[ 1869.902841] Completed PDP operation index 2 ROI 0
[ 1869.903133] Update dependency operation index 3 ROI 0 DEP_COUNT=1
[ 1869.903475] enable Convolution in dla_update_dependency as depdency are resolved
[ 1869.903878] Enter: dla_enable_operation
[ 1869.904113] Enable Convolution operation index 3 ROI 0
[ 1869.904768] Enter: dla_op_enabled
[ 1869.904983] Exit: dla_op_enabled
[ 1869.905198] Exit: dla_enable_operation status=0
[ 1869.905478] 3 HWLs done, totally 10 layers
[ 1869.905731] Enter: dla_dequeue_operation
[ 1869.905959] exit PDP as there's no further operation
[ 1869.906234] Exit: dla_dequeue_operation
[ 1869.906468] Enter: dla_free_op_desc op desc index 2 ROI 0
[ 1869.906824] Exit: dla_free_op_desc
[ 1869.907057] Exit:dla_op_completion processor PDP group0 status=0
[ 1869.907391] Exit:dla_handle_events, ret:0
[ 1869.907650] Enter:dla_handle_events, processor:CDP
[ 1869.907936] Exit:dla_handle_events, ret:0
[ 1869.908188] Enter:dla_handle_events, processor:RUBIK
[ 1869.908488] Exit:dla_handle_events, ret:0
[ 1870.083267] Enter:dla_handle_events, processor:BDMA
[ 1870.083605] Exit:dla_handle_events, ret:0
[ 1870.083755] Enter:dla_handle_events, processor:Convolution
[ 1870.083940] Handle cdma data done event, processor Convolution group 1
[ 1870.084176] Exit:dla_handle_events, ret:0
[ 1870.084321] Enter:dla_handle_events, processor:SDP
[ 1870.084504] Exit:dla_handle_events, ret:0
[ 1870.084653] Enter:dla_handle_events, processor:PDP
[ 1870.084841] Exit:dla_handle_events, ret:0
[ 1870.085002] Enter:dla_handle_events, processor:CDP
[ 1870.085173] Exit:dla_handle_events, ret:0
[ 1870.085320] Enter:dla_handle_events, processor:RUBIK
[ 1870.085486] Exit:dla_handle_events, ret:0
[ 1882.648964] Enter:dla_handle_events, processor:BDMA
[ 1882.649242] Exit:dla_handle_events, ret:0
[ 1882.649398] Enter:dla_handle_events, processor:Convolution
[ 1882.649612] Handle cdma weight done event, processor Convolution group 1
[ 1882.649924] Handle op complete event, processor Convolution group 1
[ 1882.650237] Enter:dla_op_completion processor Convolution group1
[ 1882.650542] Completed Convolution operation index 3 ROI 0
[ 1882.650837] 4 HWLs done, totally 10 layers
[ 1882.651060] Enter: dla_dequeue_operation
[ 1882.651289] Dequeue op from Convolution processor, index=8 ROI=0
[ 1882.651556] Enter: dla_submit_operation
[ 1882.651702] Prepare Convolution operation index 8 ROI 0 dep_count 2
[ 1882.651912] Enter: dla_prepare_operation
[ 1882.652144] processor:Convolution group:1, rdma_group:0 available
[ 1882.652367] Enter: dla_read_config
[ 1882.652633] Exit: dla_read_config
[ 1882.652768] Exit: dla_prepare_operation status=0
[ 1882.652925] Enter: dla_program_operation
[ 1882.653087] Program Convolution operation index 8 ROI 0 Group[1]
[ 1882.655106] no desc get due to index==-1
[ 1882.655251] no desc get due to index==-1
[ 1882.655401] no desc get due to index==-1
[ 1882.655549] no desc get due to index==-1
[ 1882.655695] no desc get due to index==-1
[ 1882.655852] no desc get due to index==-1
[ 1882.656013] Enter: dla_op_programmed
[ 1882.656160] Update dependency operation index 9 ROI 0 DEP_COUNT=1
[ 1882.656399] enable SDP in dla_update_dependency as depdency are resolved
[ 1882.656642] Enter: dla_enable_operation
[ 1882.656787] exit dla_enable_operation without actual enable due to processor hasn't been programmed
[ 1882.657085] Exit: dla_enable_operation status=0
[ 1882.657250] Exit: dla_op_programmed
[ 1882.657383] Exit: dla_program_operation status=0
[ 1882.657572] Exit: dla_submit_operation
[ 1882.657726] Exit: dla_dequeue_operation
[ 1882.657890] Exit:dla_op_completion processor Convolution group1 status=0
[ 1882.658145] Exit:dla_handle_events, ret:0
[ 1882.658311] Enter:dla_handle_events, processor:SDP
[ 1882.658474] Handle op complete event, processor SDP group 1
[ 1882.658665] Enter:dla_op_completion processor SDP group1
[ 1882.658890] Completed SDP operation index 4 ROI 0
[ 1882.659088] Update dependency operation index 5 ROI 0 DEP_COUNT=1
[ 1882.659299] enable PDP in dla_update_dependency as depdency are resolved
[ 1882.659575] Enter: dla_enable_operation
[ 1882.659764] Enable PDP operation index 5 ROI 0
[ 1882.659926] group id 1 rdma id 1
[ 1882.660178] rdma needed 1
[ 1882.660444] Enter: dla_op_enabled
[ 1882.660638] Exit: dla_op_enabled
[ 1882.660803] Exit: dla_enable_operation status=0
[ 1882.661033] 5 HWLs done, totally 10 layers
[ 1882.661237] Enter: dla_free_op_desc op desc index 3 ROI 0
[ 1882.661554] Exit: dla_free_op_desc
[ 1882.661798] Enter: dla_dequeue_operation
[ 1882.662003] Dequeue op from SDP processor, index=9 ROI=0
[ 1882.662248] Enter: dla_submit_operation
[ 1882.662429] Prepare SDP operation index 9 ROI 0 dep_count 0
[ 1882.662700] Enter: dla_prepare_operation
[ 1882.665700] processor:SDP group:1, rdma_group:1 available
[ 1882.665982] Enter: dla_read_config
[ 1882.666254] Exit: dla_read_config
[ 1882.666437] Exit: dla_prepare_operation status=0
[ 1882.666662] Enter: dla_program_operation
[ 1882.666874] Program SDP operation index 9 ROI 0 Group[1]
[ 1882.670347] no desc get due to index==-1
[ 1882.670542] no desc get due to index==-1
[ 1882.670735] no desc get due to index==-1
[ 1882.670923] no desc get due to index==-1
[ 1882.671112] no desc get due to index==-1
[ 1882.671316] no desc get due to index==-1
[ 1882.671524] Enter: dla_op_programmed
[ 1882.671705] Exit: dla_op_programmed
[ 1882.671838] Exit: dla_program_operation status=0
[ 1882.672005] Enter: dla_enable_operation
[ 1882.672148] Enable SDP operation index 9 ROI 0
[ 1882.672665] Enter: dla_op_enabled
[ 1882.672814] Update dependency operation index 8 ROI 0 DEP_COUNT=2
[ 1882.673035] Exit: dla_op_enabled
[ 1882.673168] Exit: dla_enable_operation status=0
[ 1882.673340] Exit: dla_submit_operation
[ 1882.673480] Exit: dla_dequeue_operation
[ 1882.673634] Enter: dla_free_op_desc op desc index 4 ROI 0
[ 1882.673868] Exit: dla_free_op_desc
[ 1882.674017] Exit:dla_op_completion processor SDP group1 status=0
[ 1882.674237] Exit:dla_handle_events, ret:0
[ 1882.674406] Enter:dla_handle_events, processor:PDP
[ 1882.674640] Exit:dla_handle_events, ret:0
[ 1882.674844] Enter:dla_handle_events, processor:CDP
[ 1882.675104] Exit:dla_handle_events, ret:0
[ 1882.675268] Enter:dla_handle_events, processor:RUBIK
[ 1882.675453] Exit:dla_handle_events, ret:0
[ 1882.800444] Enter:dla_handle_events, processor:BDMA
[ 1882.800752] Exit:dla_handle_events, ret:0
[ 1882.800941] Enter:dla_handle_events, processor:Convolution
[ 1882.801178] Exit:dla_handle_events, ret:0
[ 1882.801371] Enter:dla_handle_events, processor:SDP
[ 1882.801603] Exit:dla_handle_events, ret:0
[ 1882.801784] Enter:dla_handle_events, processor:PDP
[ 1882.801984] Handle op complete event, processor PDP group 1
[ 1882.802220] Enter:dla_op_completion processor PDP group1
[ 1882.802438] Completed PDP operation index 5 ROI 0
[ 1882.802651] Update dependency operation index 6 ROI 0 DEP_COUNT=1
[ 1882.802883] enable Convolution in dla_update_dependency as depdency are resolved
[ 1882.803208] Enter: dla_enable_operation
[ 1882.803370] Enable Convolution operation index 6 ROI 0
[ 1882.803969] Enter: dla_op_enabled
[ 1882.804103] Exit: dla_op_enabled
[ 1882.804228] Exit: dla_enable_operation status=0
[ 1882.804408] 6 HWLs done, totally 10 layers
[ 1882.804562] Enter: dla_dequeue_operation
[ 1882.804696] exit PDP as there's no further operation
[ 1882.804869] Exit: dla_dequeue_operation
[ 1882.805013] Enter: dla_free_op_desc op desc index 5 ROI 0
[ 1882.805232] Exit: dla_free_op_desc
[ 1882.805369] Exit:dla_op_completion processor PDP group1 status=0
[ 1882.805608] Exit:dla_handle_events, ret:0
[ 1882.805756] Enter:dla_handle_events, processor:CDP
[ 1882.805924] Exit:dla_handle_events, ret:0
[ 1882.806070] Enter:dla_handle_events, processor:RUBIK
[ 1882.806240] Exit:dla_handle_events, ret:0
[ 1882.914517] Enter:dla_handle_events, processor:BDMA
[ 1882.914778] Exit:dla_handle_events, ret:0
[ 1882.914930] Enter:dla_handle_events, processor:Convolution
[ 1882.915124] Handle cdma data done event, processor Convolution group 0
[ 1882.915352] Exit:dla_handle_events, ret:0
[ 1882.915532] Enter:dla_handle_events, processor:SDP
[ 1882.915702] Exit:dla_handle_events, ret:0
[ 1882.915847] Enter:dla_handle_events, processor:PDP
[ 1882.916019] Exit:dla_handle_events, ret:0
[ 1882.916160] Enter:dla_handle_events, processor:CDP
[ 1882.916339] Exit:dla_handle_events, ret:0
[ 1882.916492] Enter:dla_handle_events, processor:RUBIK
[ 1882.916679] Exit:dla_handle_events, ret:0
[ 1889.678631] Enter:dla_handle_events, processor:BDMA
[ 1889.678906] Exit:dla_handle_events, ret:0
[ 1889.679075] Enter:dla_handle_events, processor:Convolution
[ 1889.679273] Handle cdma weight done event, processor Convolution group 0
[ 1889.679517] Handle op complete event, processor Convolution group 0
[ 1889.679735] Enter:dla_op_completion processor Convolution group0
[ 1889.679954] Completed Convolution operation index 6 ROI 0
[ 1889.680230] 7 HWLs done, totally 10 layers
[ 1889.680418] Enter: dla_dequeue_operation
[ 1889.680591] exit Convolution as there's no further operation
[ 1889.680850] Exit: dla_dequeue_operation
[ 1889.681047] Exit:dla_op_completion processor Convolution group0 status=0
[ 1889.681341] Exit:dla_handle_events, ret:0
[ 1889.681535] Enter:dla_handle_events, processor:SDP
[ 1889.681749] Handle op complete event, processor SDP group 0
[ 1889.682001] Enter:dla_op_completion processor SDP group0
[ 1889.682258] Completed SDP operation index 7 ROI 0
[ 1889.682483] Update dependency operation index 8 ROI 0 DEP_COUNT=1
[ 1889.682744] enable Convolution in dla_update_dependency as depdency are resolved
[ 1889.683092] Enter: dla_enable_operation
[ 1889.683296] Enable Convolution operation index 8 ROI 0
[ 1889.684025] Enter: dla_op_enabled
[ 1889.684202] Exit: dla_op_enabled
[ 1889.684429] Exit: dla_enable_operation status=0
[ 1889.684664] 8 HWLs done, totally 10 layers
[ 1889.684874] Enter: dla_free_op_desc op desc index 6 ROI 0
[ 1889.685168] Exit: dla_free_op_desc
[ 1889.685341] Enter: dla_dequeue_operation
[ 1889.685556] exit SDP as there's no further operation
[ 1889.685815] Exit: dla_dequeue_operation
[ 1889.686049] Enter: dla_free_op_desc op desc index 7 ROI 0
[ 1889.686326] Exit: dla_free_op_desc
[ 1889.686492] Exit:dla_op_completion processor SDP group0 status=0
[ 1889.686757] Exit:dla_handle_events, ret:0
[ 1889.686939] Enter:dla_handle_events, processor:PDP
[ 1889.687151] Exit:dla_handle_events, ret:0
[ 1889.687332] Enter:dla_handle_events, processor:CDP
[ 1889.687543] Exit:dla_handle_events, ret:0
[ 1889.687728] Enter:dla_handle_events, processor:RUBIK
[ 1889.687949] Exit:dla_handle_events, ret:0
[ 1889.796582] Enter:dla_handle_events, processor:BDMA
[ 1889.796839] Exit:dla_handle_events, ret:0
[ 1889.796993] Enter:dla_handle_events, processor:Convolution
[ 1889.797180] Handle cdma data done event, processor Convolution group 1
[ 1889.797402] Exit:dla_handle_events, ret:0
[ 1889.797536] Enter:dla_handle_events, processor:SDP
[ 1889.797695] Exit:dla_handle_events, ret:0
[ 1889.797837] Enter:dla_handle_events, processor:PDP
[ 1889.797995] Exit:dla_handle_events, ret:0
[ 1889.798155] Enter:dla_handle_events, processor:CDP
[ 1889.798342] Exit:dla_handle_events, ret:0
[ 1889.798505] Enter:dla_handle_events, processor:RUBIK
[ 1889.798674] Exit:dla_handle_events, ret:0
[ 1889.864669] Enter:dla_handle_events, processor:BDMA
[ 1889.864931] Exit:dla_handle_events, ret:0
[ 1889.865082] Enter:dla_handle_events, processor:Convolution
[ 1889.865266] Handle cdma weight done event, processor Convolution group 1
[ 1889.865498] Exit:dla_handle_events, ret:0
[ 1889.865661] Enter:dla_handle_events, processor:SDP
[ 1889.865832] Exit:dla_handle_events, ret:0
[ 1889.865977] Enter:dla_handle_events, processor:PDP
[ 1889.866147] Exit:dla_handle_events, ret:0
[ 1889.866292] Enter:dla_handle_events, processor:CDP
[ 1889.866453] Exit:dla_handle_events, ret:0
[ 1889.866594] Enter:dla_handle_events, processor:RUBIK
[ 1889.866761] Exit:dla_handle_events, ret:0
[ 1889.879593] Enter:dla_handle_events, processor:BDMA
[ 1889.879882] Exit:dla_handle_events, ret:0
[ 1889.880058] Enter:dla_handle_events, processor:Convolution
[ 1889.880270] Handle op complete event, processor Convolution group 1
[ 1889.880534] Enter:dla_op_completion processor Convolution group1
[ 1889.880785] Completed Convolution operation index 8 ROI 0
[ 1889.881014] 9 HWLs done, totally 10 layers
[ 1889.881162] Enter: dla_dequeue_operation
[ 1889.881296] exit Convolution as there's no further operation
[ 1889.881484] Exit: dla_dequeue_operation
[ 1889.881639] Exit:dla_op_completion processor Convolution group1 status=0
[ 1889.881857] Exit:dla_handle_events, ret:0
[ 1889.882000] Enter:dla_handle_events, processor:SDP
[ 1889.882159] Handle op complete event, processor SDP group 1
[ 1889.882350] Enter:dla_op_completion processor SDP group1
[ 1889.882537] Completed SDP operation index 9 ROI 0
[ 1889.882706] 10 HWLs done, totally 10 layers
[ 1889.882861] Enter: dla_free_op_desc op desc index 8 ROI 0
[ 1889.883083] Exit: dla_free_op_desc
[ 1889.883213] Enter: dla_free_op_desc op desc index 9 ROI 0
[ 1889.883422] Exit: dla_free_op_desc
[ 1889.883606] Exit:dla_op_completion processor SDP group1 status=0
[ 1889.883856] Exit:dla_handle_events, ret:0
[ 1889.884031] Enter:dla_handle_events, processor:PDP
[ 1889.884228] Exit:dla_handle_events, ret:0
[ 1889.884400] Enter:dla_handle_events, processor:CDP
[ 1889.884647] Exit:dla_handle_events, ret:0
[ 1889.884887] Enter:dla_handle_events, processor:RUBIK
[ 1889.885171] Exit:dla_handle_events, ret:0
[ 1889.889500] reset engine done
Work Found!
Work Done
execution time = 29617857.000000 s
Shutdown signal received, exiting
Test pass
