# ./nvdla_runtime --loadable lenet/lenet-int8.nvdla   --image Image/Images/127_3
.jpg     --rawdump
creating new runtime context...
Emulator starting
dlaimg height: 28 x 28 x 1: LS: 128 SS: 0 Size: 3584
(DLA_TEST) Error 0x00000004: Mismatched channel: 1 != 4 (in TestUtils.cpp, function createImageCopy(), line 160)
submitting tasks...
[ 2166.189804] Enter:dla_read_network_config
[ 2166.190052] Exit:dla_read_network_config status=0
[ 2166.190222] Enter: dla_initiate_processors
[ 2166.190396] Enter: dla_submit_operation
[ 2166.190546] Prepare Convolution operation index 0 ROI 0 dep_count 1
[ 2166.190863] Enter: dla_prepare_operation
[ 2166.191166] processor:Convolution group:0, rdma_group:0 available
[ 2166.193214] Enter: dla_read_config
[ 2166.193553] Exit: dla_read_config
[ 2166.193749] Exit: dla_prepare_operation status=0
[ 2166.193982] Enter: dla_program_operation
[ 2166.194191] Program Convolution operation index 0 ROI 0 Group[0]
[ 2166.197414] no desc get due to index==-1
[ 2166.197726] no desc get due to index==-1
[ 2166.197959] no desc get due to index==-1
[ 2166.198199] no desc get due to index==-1
[ 2166.198440] no desc get due to index==-1
[ 2166.198674] Enter: dla_op_programmed
[ 2166.198877] Update dependency operation index 3 ROI 0 DEP_COUNT=3
[ 2166.199180] Update dependency operation index 1 ROI 0 DEP_COUNT=1
[ 2166.200784] enable SDP in dla_update_dependency as depdency are resolved
[ 2166.201157] Enter: dla_enable_operation
[ 2166.201364] exit dla_enable_operation without actual enable due to processor hasn't been programmed
[ 2166.201825] Exit: dla_enable_operation status=0
[ 2166.202047] Exit: dla_op_programmed
[ 2166.202234] Exit: dla_program_operation status=0
[ 2166.202450] Exit: dla_submit_operation
[ 2166.202653] Enter: dla_dequeue_operation
[ 2166.202853] Dequeue op from Convolution processor, index=3 ROI=0
[ 2166.203126] Enter: dla_submit_operation
[ 2166.203316] Prepare Convolution operation index 3 ROI 0 dep_count 2
[ 2166.205265] Enter: dla_prepare_operation
[ 2166.205591] processor:Convolution group:1, rdma_group:0 available
[ 2166.205915] Enter: dla_read_config
[ 2166.206266] Exit: dla_read_config
[ 2166.206427] Exit: dla_prepare_operation status=0
[ 2166.206651] Enter: dla_program_operation
[ 2166.206844] Program Convolution operation index 3 ROI 0 Group[1]
[ 2166.210033] no desc get due to index==-1
[ 2166.210326] no desc get due to index==-1
[ 2166.210561] no desc get due to index==-1
[ 2166.210794] no desc get due to index==-1
[ 2166.210983] no desc get due to index==-1
[ 2166.211203] Enter: dla_op_programmed
[ 2166.212956] Update dependency operation index 6 ROI 0 DEP_COUNT=3
[ 2166.213324] Update dependency operation index 4 ROI 0 DEP_COUNT=2
[ 2166.213628] Exit: dla_op_programmed
[ 2166.213833] Exit: dla_program_operation status=0
[ 2166.214077] Exit: dla_submit_operation
[ 2166.214282] Exit: dla_dequeue_operation
[ 2166.214481] Enter: dla_submit_operation
[ 2166.214667] Prepare SDP operation index 1 ROI 0 dep_count 0
[ 2166.214950] Enter: dla_prepare_operation
[ 2166.215267] processor:SDP group:0, rdma_group:0 available
[ 2166.217317] Enter: dla_read_config
[ 2166.217723] Exit: dla_read_config
[ 2166.217900] Exit: dla_prepare_operation status=0
[ 2166.218149] Enter: dla_program_operation
[ 2166.218365] Program SDP operation index 1 ROI 0 Group[0]
[ 2166.219313] no desc get due to index==-1
[ 2166.220943] no desc get due to index==-1
[ 2166.221227] no desc get due to index==-1
[ 2166.221442] no desc get due to index==-1
[ 2166.221652] Enter: dla_op_programmed
[ 2166.221856] Update dependency operation index 4 ROI 0 DEP_COUNT=1
[ 2166.222162] enable SDP in dla_update_dependency as depdency are resolved
[ 2166.222512] Enter: dla_enable_operation
[ 2166.222722] exit dla_enable_operation without actual enable due to processor hasn't been programmed
[ 2166.223187] Exit: dla_enable_operation status=0
[ 2166.224848] Exit: dla_op_programmed
[ 2166.225084] Exit: dla_program_operation status=0
[ 2166.225304] Enter: dla_enable_operation
[ 2166.225514] Enable SDP operation index 1 ROI 0
[ 2166.225858] Enter: dla_op_enabled
[ 2166.226034] Update dependency operation index 0 ROI 0 DEP_COUNT=1
[ 2166.226327] enable Convolution in dla_update_dependency as depdency are resolved
[ 2166.226679] Enter: dla_enable_operation
[ 2166.226883] Enable Convolution operation index 0 ROI 0
[ 2166.228079] Enter: dla_op_enabled
[ 2166.230201] Exit: dla_op_enabled
[ 2166.230397] Exit: dla_enable_operation status=0
[ 2166.230630] Exit: dla_op_enabled
[ 2166.230793] Exit: dla_enable_operation status=0
[ 2166.231024] Exit: dla_submit_operation
[ 2166.231232] Enter: dla_dequeue_operation
[ 2166.232759] Dequeue op from SDP processor, index=4 ROI=0
[ 2166.233081] Enter: dla_submit_operation
[ 2166.233290] Prepare SDP operation index 4 ROI 0 dep_count 0
[ 2166.233583] Enter: dla_prepare_operation
[ 2166.238942] processor:SDP group:1, rdma_group:1 available
[ 2166.239279] Enter: dla_read_config
[ 2166.240515] Exit: dla_read_config
[ 2166.240713] Exit: dla_prepare_operation status=0
[ 2166.240941] Enter: dla_program_operation
[ 2166.241140] Program SDP operation index 4 ROI 0 Group[1]
[ 2166.246387] no desc get due to index==-1
[ 2166.246808] no desc get due to index==-1
[ 2166.247163] no desc get due to index==-1
[ 2166.247408] no desc get due to index==-1
[ 2166.249094] Enter: dla_op_programmed
[ 2166.249303] Update dependency operation index 7 ROI 0 DEP_COUNT=2
[ 2166.249513] Exit: dla_op_programmed
[ 2166.249646] Exit: dla_program_operation status=0
[ 2166.249806] Enter: dla_enable_operation
[ 2166.249955] Enable SDP operation index 4 ROI 0
[ 2166.250567] Enter: dla_op_enabled
[ 2166.250780] Update dependency operation index 3 ROI 0 DEP_COUNT=2
[ 2166.251120] Exit: dla_op_enabled
[ 2166.251309] Exit: dla_enable_operation status=0
[ 2166.253154] Exit: dla_submit_operation
[ 2166.253403] Exit: dla_dequeue_operation
[ 2166.253626] Enter: dla_submit_operation
[ 2166.253848] Prepare PDP operation index 2 ROI 0 dep_count 1
[ 2166.254126] Enter: dla_prepare_operation
[ 2166.254515] processor:PDP group:0, rdma_group:0 available
[ 2166.254806] Enter: dla_read_config
[ 2166.255140] Exit: dla_read_config
[ 2166.255325] Exit: dla_prepare_operation status=0
[ 2166.256971] Enter: dla_program_operation
[ 2166.257204] Program PDP operation index 2 ROI 0 Group[0]
[ 2166.257489] group id 0 rdma id 0
[ 2166.261250] no desc get due to index==-1
[ 2166.261503] no desc get due to index==-1
[ 2166.261722] no desc get due to index==-1
[ 2166.261947] no desc get due to index==-1
[ 2166.262164] no desc get due to index==-1
[ 2166.262382] Enter: dla_op_programmed
[ 2166.262590] Update dependency operation index 5 ROI 0 DEP_COUNT=2
[ 2166.262903] Exit: dla_op_programmed
[ 2166.263099] Exit: dla_program_operation status=0
[ 2166.263340] Exit: dla_submit_operation
[ 2166.265005] Enter: dla_dequeue_operation
[ 2166.265241] Dequeue op from PDP processor, index=5 ROI=0
[ 2166.265521] Enter: dla_submit_operation
[ 2166.265733] Prepare PDP operation index 5 ROI 0 dep_count 1
[ 2166.266039] Enter: dla_prepare_operation
[ 2166.266410] processor:PDP group:1, rdma_group:1 available
[ 2166.266699] Enter: dla_read_config
[ 2166.266997] Exit: dla_read_config
[ 2166.267200] Exit: dla_prepare_operation status=0
[ 2166.269514] Enter: dla_program_operation
[ 2166.269791] Program PDP operation index 5 ROI 0 Group[1]
[ 2166.270080] group id 1 rdma id 1
[ 2166.272403] no desc get due to index==-1
[ 2166.273774] no desc get due to index==-1
[ 2166.273966] no desc get due to index==-1
[ 2166.274188] no desc get due to index==-1
[ 2166.274382] no desc get due to index==-1
[ 2166.274564] no desc get due to index==-1
[ 2166.274748] Enter: dla_op_programmed
[ 2166.274955] Exit: dla_op_programmed
[ 2166.275143] Exit: dla_program_operation status=0
[ 2166.275363] Exit: dla_submit_operation
[ 2166.277031] Exit: dla_dequeue_operation
[ 2166.277358] Exit: dla_initiate_processors status=0
[ 2166.277666] Enter:dla_handle_events, processor:BDMA
[ 2166.277946] Exit:dla_handle_events, ret:0
[ 2166.278173] Enter:dla_handle_events, processor:Convolution
[ 2166.278474] Handle cdma weight done event, processor Convolution group 0
[ 2166.278845] Exit:dla_handle_events, ret:0
[ 2166.279044] Enter:dla_handle_events, processor:SDP
[ 2166.279292] Exit:dla_handle_events, ret:0
[ 2166.279556] Enter:dla_handle_events, processor:PDP
[ 2166.279809] Exit:dla_handle_events, ret:0
[ 2166.280024] Enter:dla_handle_events, processor:CDP
[ 2166.280277] Exit:dla_handle_events, ret:0
[ 2166.280514] Enter:dla_handle_events, processor:RUBIK
[ 2166.280779] Exit:dla_handle_events, ret:0
[ 2166.294332] Enter:dla_handle_events, processor:BDMA
[ 2166.294634] Exit:dla_handle_events, ret:0
[ 2166.294851] Enter:dla_handle_events, processor:Convolution
[ 2166.295123] Handle cdma data done event, processor Convolution group 0
[ 2166.295487] Exit:dla_handle_events, ret:0
[ 2166.295700] Enter:dla_handle_events, processor:SDP
[ 2166.295964] Exit:dla_handle_events, ret:0
[ 2166.296181] Enter:dla_handle_events, processor:PDP
[ 2166.296441] Exit:dla_handle_events, ret:0
[ 2166.296654] Enter:dla_handle_events, processor:CDP
[ 2166.296918] Exit:dla_handle_events, ret:0
[ 2166.297136] Enter:dla_handle_events, processor:RUBIK
[ 2166.297422] Exit:dla_handle_events, ret:0
[ 2175.256605] Enter:dla_handle_events, processor:BDMA
[ 2175.256973] Exit:dla_handle_events, ret:0
[ 2175.257189] Enter:dla_handle_events, processor:Convolution
[ 2175.257476] Handle op complete event, processor Convolution group 0
[ 2175.257836] Enter:dla_op_completion processor Convolution group0
[ 2175.258181] Completed Convolution operation index 0 ROI 0
[ 2175.258513] 1 HWLs done, totally 10 layers
[ 2175.258770] Enter: dla_dequeue_operation
[ 2175.259003] Dequeue op from Convolution processor, index=6 ROI=0
[ 2175.259323] Enter: dla_submit_operation
[ 2175.259577] Prepare Convolution operation index 6 ROI 0 dep_count 2
[ 2175.259924] Enter: dla_prepare_operation
[ 2175.260248] processor:Convolution group:0, rdma_group:0 available
[ 2175.260585] Enter: dla_read_config
[ 2175.260910] Exit: dla_read_config
[ 2175.261098] Exit: dla_prepare_operation status=0
[ 2175.261356] Enter: dla_program_operation
[ 2175.261580] Program Convolution operation index 6 ROI 0 Group[0]
[ 2175.263295] no desc get due to index==-1
[ 2175.263527] no desc get due to index==-1
[ 2175.263727] no desc get due to index==-1
[ 2175.263930] no desc get due to index==-1
[ 2175.264156] no desc get due to index==-1
[ 2175.264375] Enter: dla_op_programmed
[ 2175.264593] Update dependency operation index 8 ROI 0 DEP_COUNT=3
[ 2175.264901] Update dependency operation index 7 ROI 0 DEP_COUNT=1
[ 2175.265235] enable SDP in dla_update_dependency as depdency are resolved
[ 2175.265575] Enter: dla_enable_operation
[ 2175.265786] exit dla_enable_operation without actual enable due to processor hasn't been programmed
[ 2175.266240] Exit: dla_enable_operation status=0
[ 2175.266513] Exit: dla_op_programmed
[ 2175.266723] Exit: dla_program_operation status=0
[ 2175.266999] Exit: dla_submit_operation
[ 2175.267231] Exit: dla_dequeue_operation
[ 2175.267484] Exit:dla_op_completion processor Convolution group0 status=0
[ 2175.267851] Exit:dla_handle_events, ret:0
[ 2175.268070] Enter:dla_handle_events, processor:SDP
[ 2175.268352] Handle op complete event, processor SDP group 0
[ 2175.268659] Enter:dla_op_completion processor SDP group0
[ 2175.268940] Completed SDP operation index 1 ROI 0
[ 2175.269205] Update dependency operation index 2 ROI 0 DEP_COUNT=1
[ 2175.269538] enable PDP in dla_update_dependency as depdency are resolved
[ 2175.269891] Enter: dla_enable_operation
[ 2175.270088] Enable PDP operation index 2 ROI 0
[ 2175.270324] group id 0 rdma id 0
[ 2175.270624] rdma needed 1
[ 2175.270885] Enter: dla_op_enabled
[ 2175.271076] Exit: dla_op_enabled
[ 2175.271261] Exit: dla_enable_operation status=0
[ 2175.271491] 2 HWLs done, totally 10 layers
[ 2175.271781] Enter: dla_free_op_desc op desc index 0 ROI 0
[ 2175.272099] Exit: dla_free_op_desc
[ 2175.272306] Enter: dla_dequeue_operation
[ 2175.272543] Dequeue op from SDP processor, index=7 ROI=0
[ 2175.272850] Enter: dla_submit_operation
[ 2175.273074] Prepare SDP operation index 7 ROI 0 dep_count 0
[ 2175.273386] Enter: dla_prepare_operation
[ 2175.282375] processor:SDP group:0, rdma_group:0 available
[ 2175.282691] Enter: dla_read_config
[ 2175.283108] Exit: dla_read_config
[ 2175.283344] Exit: dla_prepare_operation status=0
[ 2175.283601] Enter: dla_program_operation
[ 2175.283858] Program SDP operation index 7 ROI 0 Group[0]
[ 2175.287230] no desc get due to index==-1
[ 2175.287576] no desc get due to index==-1
[ 2175.287824] no desc get due to index==-1
[ 2175.288055] no desc get due to index==-1
[ 2175.288254] Enter: dla_op_programmed
[ 2175.288460] Update dependency operation index 9 ROI 0 DEP_COUNT=2
[ 2175.288747] Exit: dla_op_programmed
[ 2175.288936] Exit: dla_program_operation status=0
[ 2175.289161] Enter: dla_enable_operation
[ 2175.289354] Enable SDP operation index 7 ROI 0
[ 2175.290116] Enter: dla_op_enabled
[ 2175.290311] Update dependency operation index 6 ROI 0 DEP_COUNT=2
[ 2175.290597] Exit: dla_op_enabled
[ 2175.290776] Exit: dla_enable_operation status=0
[ 2175.290988] Exit: dla_submit_operation
[ 2175.291188] Exit: dla_dequeue_operation
[ 2175.291416] Enter: dla_free_op_desc op desc index 1 ROI 0
[ 2175.291715] Exit: dla_free_op_desc
[ 2175.291889] Exit:dla_op_completion processor SDP group0 status=0
[ 2175.292194] Exit:dla_handle_events, ret:0
[ 2175.292389] Enter:dla_handle_events, processor:PDP
[ 2175.292634] Exit:dla_handle_events, ret:0
[ 2175.292825] Enter:dla_handle_events, processor:CDP
[ 2175.293040] Exit:dla_handle_events, ret:0
[ 2175.293236] Enter:dla_handle_events, processor:RUBIK
[ 2175.293472] Exit:dla_handle_events, ret:0
[ 2175.539078] Enter:dla_handle_events, processor:BDMA
[ 2175.539440] Exit:dla_handle_events, ret:0
[ 2175.539687] Enter:dla_handle_events, processor:Convolution
[ 2175.539997] Exit:dla_handle_events, ret:0
[ 2175.540205] Enter:dla_handle_events, processor:SDP
[ 2175.540445] Exit:dla_handle_events, ret:0
[ 2175.540664] Enter:dla_handle_events, processor:PDP
[ 2175.540900] Handle op complete event, processor PDP group 0
[ 2175.541167] Enter:dla_op_completion processor PDP group0
[ 2175.541428] Completed PDP operation index 2 ROI 0
[ 2175.541653] Update dependency operation index 3 ROI 0 DEP_COUNT=1
[ 2175.541908] enable Convolution in dla_update_dependency as depdency are resolved
[ 2175.542219] Enter: dla_enable_operation
[ 2175.542402] Enable Convolution operation index 3 ROI 0
[ 2175.542856] Enter: dla_op_enabled
[ 2175.543013] Exit: dla_op_enabled
[ 2175.543158] Exit: dla_enable_operation status=0
[ 2175.543361] 3 HWLs done, totally 10 layers
[ 2175.543551] Enter: dla_dequeue_operation
[ 2175.543718] exit PDP as there's no further operation
[ 2175.543946] Exit: dla_dequeue_operation
[ 2175.544130] Enter: dla_free_op_desc op desc index 2 ROI 0
[ 2175.544405] Exit: dla_free_op_desc
[ 2175.544579] Exit:dla_op_completion processor PDP group0 status=0
[ 2175.544849] Exit:dla_handle_events, ret:0
[ 2175.544992] Enter:dla_handle_events, processor:CDP
[ 2175.545153] Exit:dla_handle_events, ret:0
[ 2175.545288] Enter:dla_handle_events, processor:RUBIK
[ 2175.545450] Exit:dla_handle_events, ret:0
[ 2175.723605] Enter:dla_handle_events, processor:BDMA
[ 2175.723900] Exit:dla_handle_events, ret:0
[ 2175.724047] Enter:dla_handle_events, processor:Convolution
[ 2175.724232] Handle cdma data done event, processor Convolution group 1
[ 2175.724521] Exit:dla_handle_events, ret:0
[ 2175.724676] Enter:dla_handle_events, processor:SDP
[ 2175.724899] Exit:dla_handle_events, ret:0
[ 2175.725076] Enter:dla_handle_events, processor:PDP
[ 2175.725294] Exit:dla_handle_events, ret:0
[ 2175.725476] Enter:dla_handle_events, processor:CDP
[ 2175.725698] Exit:dla_handle_events, ret:0
[ 2175.725884] Enter:dla_handle_events, processor:RUBIK
[ 2175.726113] Exit:dla_handle_events, ret:0
[ 2187.983273] Enter:dla_handle_events, processor:BDMA
[ 2187.983611] Exit:dla_handle_events, ret:0
[ 2187.983887] Enter:dla_handle_events, processor:Convolution
[ 2187.984172] Handle cdma weight done event, processor Convolution group 1
[ 2187.984507] Handle op complete event, processor Convolution group 1
[ 2187.984760] Enter:dla_op_completion processor Convolution group1
[ 2187.985045] Completed Convolution operation index 3 ROI 0
[ 2187.985295] 4 HWLs done, totally 10 layers
[ 2187.985506] Enter: dla_dequeue_operation
[ 2187.985673] Dequeue op from Convolution processor, index=8 ROI=0
[ 2187.985929] Enter: dla_submit_operation
[ 2187.986139] Prepare Convolution operation index 8 ROI 0 dep_count 2
[ 2187.986398] Enter: dla_prepare_operation
[ 2187.986655] processor:Convolution group:1, rdma_group:0 available
[ 2187.986901] Enter: dla_read_config
[ 2187.987158] Exit: dla_read_config
[ 2187.987359] Exit: dla_prepare_operation status=0
[ 2187.987620] Enter: dla_program_operation
[ 2187.987810] Program Convolution operation index 8 ROI 0 Group[1]
[ 2187.989477] no desc get due to index==-1
[ 2187.989723] no desc get due to index==-1
[ 2187.989937] no desc get due to index==-1
[ 2187.990155] no desc get due to index==-1
[ 2187.990343] no desc get due to index==-1
[ 2187.990516] no desc get due to index==-1
[ 2187.990684] Enter: dla_op_programmed
[ 2187.990870] Update dependency operation index 9 ROI 0 DEP_COUNT=1
[ 2187.991143] enable SDP in dla_update_dependency as depdency are resolved
[ 2187.991454] Enter: dla_enable_operation
[ 2187.991641] exit dla_enable_operation without actual enable due to processor hasn't been programmed
[ 2187.992027] Exit: dla_enable_operation status=0
[ 2187.992225] Exit: dla_op_programmed
[ 2187.992452] Exit: dla_program_operation status=0
[ 2187.992723] Exit: dla_submit_operation
[ 2187.992985] Exit: dla_dequeue_operation
[ 2187.993254] Exit:dla_op_completion processor Convolution group1 status=0
[ 2187.993680] Exit:dla_handle_events, ret:0
[ 2187.994000] Enter:dla_handle_events, processor:SDP
[ 2187.994331] Handle op complete event, processor SDP group 1
[ 2187.994643] Enter:dla_op_completion processor SDP group1
[ 2187.995023] Completed SDP operation index 4 ROI 0
[ 2187.995303] Update dependency operation index 5 ROI 0 DEP_COUNT=1
[ 2187.995625] enable PDP in dla_update_dependency as depdency are resolved
[ 2187.995989] Enter: dla_enable_operation
[ 2187.996220] Enable PDP operation index 5 ROI 0
[ 2187.996466] group id 1 rdma id 1
[ 2187.996731] rdma needed 1
[ 2187.996929] Enter: dla_op_enabled
[ 2187.997107] Exit: dla_op_enabled
[ 2187.997280] Exit: dla_enable_operation status=0
[ 2187.997509] 5 HWLs done, totally 10 layers
[ 2187.997709] Enter: dla_free_op_desc op desc index 3 ROI 0
[ 2187.997967] Exit: dla_free_op_desc
[ 2187.998150] Enter: dla_dequeue_operation
[ 2187.998343] Dequeue op from SDP processor, index=9 ROI=0
[ 2187.998564] Enter: dla_submit_operation
[ 2187.998762] Prepare SDP operation index 9 ROI 0 dep_count 0
[ 2187.998963] Enter: dla_prepare_operation
[ 2188.001946] processor:SDP group:1, rdma_group:1 available
[ 2188.002198] Enter: dla_read_config
[ 2188.002523] Exit: dla_read_config
[ 2188.002753] Exit: dla_prepare_operation status=0
[ 2188.003022] Enter: dla_program_operation
[ 2188.003227] Program SDP operation index 9 ROI 0 Group[1]
[ 2188.006961] no desc get due to index==-1
[ 2188.007241] no desc get due to index==-1
[ 2188.007433] no desc get due to index==-1
[ 2188.007612] no desc get due to index==-1
[ 2188.007800] no desc get due to index==-1
[ 2188.008018] no desc get due to index==-1
[ 2188.008205] Enter: dla_op_programmed
[ 2188.008392] Exit: dla_op_programmed
[ 2188.008566] Exit: dla_program_operation status=0
[ 2188.008791] Enter: dla_enable_operation
[ 2188.008981] Enable SDP operation index 9 ROI 0
[ 2188.009677] Enter: dla_op_enabled
[ 2188.009940] Update dependency operation index 8 ROI 0 DEP_COUNT=2
[ 2188.010292] Exit: dla_op_enabled
[ 2188.010512] Exit: dla_enable_operation status=0
[ 2188.010785] Exit: dla_submit_operation
[ 2188.011017] Exit: dla_dequeue_operation
[ 2188.011273] Enter: dla_free_op_desc op desc index 4 ROI 0
[ 2188.011627] Exit: dla_free_op_desc
[ 2188.011837] Exit:dla_op_completion processor SDP group1 status=0
[ 2188.012166] Exit:dla_handle_events, ret:0
[ 2188.012409] Enter:dla_handle_events, processor:PDP
[ 2188.012676] Exit:dla_handle_events, ret:0
[ 2188.012907] Enter:dla_handle_events, processor:CDP
[ 2188.013179] Exit:dla_handle_events, ret:0
[ 2188.013405] Enter:dla_handle_events, processor:RUBIK
[ 2188.013677] Exit:dla_handle_events, ret:0
[ 2188.131805] Enter:dla_handle_events, processor:BDMA
[ 2188.132113] Exit:dla_handle_events, ret:0
[ 2188.132369] Enter:dla_handle_events, processor:Convolution
[ 2188.132660] Exit:dla_handle_events, ret:0
[ 2188.132878] Enter:dla_handle_events, processor:SDP
[ 2188.133124] Exit:dla_handle_events, ret:0
[ 2188.133345] Enter:dla_handle_events, processor:PDP
[ 2188.133578] Handle op complete event, processor PDP group 1
[ 2188.133873] Enter:dla_op_completion processor PDP group1
[ 2188.134190] Completed PDP operation index 5 ROI 0
[ 2188.134488] Update dependency operation index 6 ROI 0 DEP_COUNT=1
[ 2188.134776] enable Convolution in dla_update_dependency as depdency are resolved
[ 2188.135115] Enter: dla_enable_operation
[ 2188.135299] Enable Convolution operation index 6 ROI 0
[ 2188.135868] Enter: dla_op_enabled
[ 2188.136056] Exit: dla_op_enabled
[ 2188.136253] Exit: dla_enable_operation status=0
[ 2188.136490] 6 HWLs done, totally 10 layers
[ 2188.136713] Enter: dla_dequeue_operation
[ 2188.136930] exit PDP as there's no further operation
[ 2188.137216] Exit: dla_dequeue_operation
[ 2188.137424] Enter: dla_free_op_desc op desc index 5 ROI 0
[ 2188.137716] Exit: dla_free_op_desc
[ 2188.137908] Exit:dla_op_completion processor PDP group1 status=0
[ 2188.138229] Exit:dla_handle_events, ret:0
[ 2188.138452] Enter:dla_handle_events, processor:CDP
[ 2188.138721] Exit:dla_handle_events, ret:0
[ 2188.138921] Enter:dla_handle_events, processor:RUBIK
[ 2188.139142] Exit:dla_handle_events, ret:0
[ 2188.246738] Enter:dla_handle_events, processor:BDMA
[ 2188.247145] Exit:dla_handle_events, ret:0
[ 2188.247398] Enter:dla_handle_events, processor:Convolution
[ 2188.247753] Handle cdma data done event, processor Convolution group 0
[ 2188.248122] Exit:dla_handle_events, ret:0
[ 2188.248368] Enter:dla_handle_events, processor:SDP
[ 2188.248652] Exit:dla_handle_events, ret:0
[ 2188.248903] Enter:dla_handle_events, processor:PDP
[ 2188.249188] Exit:dla_handle_events, ret:0
[ 2188.249443] Enter:dla_handle_events, processor:CDP
[ 2188.249730] Exit:dla_handle_events, ret:0
[ 2188.249976] Enter:dla_handle_events, processor:RUBIK
[ 2188.250259] Exit:dla_handle_events, ret:0
[ 2194.911065] Enter:dla_handle_events, processor:BDMA
[ 2194.911413] Exit:dla_handle_events, ret:0
[ 2194.911638] Enter:dla_handle_events, processor:Convolution
[ 2194.911904] Handle cdma weight done event, processor Convolution group 0
[ 2194.912208] Handle op complete event, processor Convolution group 0
[ 2194.912491] Enter:dla_op_completion processor Convolution group0
[ 2194.912768] Completed Convolution operation index 6 ROI 0
[ 2194.913061] 7 HWLs done, totally 10 layers
[ 2194.913269] Enter: dla_dequeue_operation
[ 2194.913471] exit Convolution as there's no further operation
[ 2194.913741] Exit: dla_dequeue_operation
[ 2194.913932] Exit:dla_op_completion processor Convolution group0 status=0
[ 2194.914224] Exit:dla_handle_events, ret:0
[ 2194.914418] Enter:dla_handle_events, processor:SDP
[ 2194.914627] Handle op complete event, processor SDP group 0
[ 2194.914866] Enter:dla_op_completion processor SDP group0
[ 2194.915114] Completed SDP operation index 7 ROI 0
[ 2194.915320] Update dependency operation index 8 ROI 0 DEP_COUNT=1
[ 2194.915596] enable Convolution in dla_update_dependency as depdency are resolved
[ 2194.915915] Enter: dla_enable_operation
[ 2194.916103] Enable Convolution operation index 8 ROI 0
[ 2194.916692] Enter: dla_op_enabled
[ 2194.916889] Exit: dla_op_enabled
[ 2194.917083] Exit: dla_enable_operation status=0
[ 2194.917309] 8 HWLs done, totally 10 layers
[ 2194.917554] Enter: dla_free_op_desc op desc index 6 ROI 0
[ 2194.917869] Exit: dla_free_op_desc
[ 2194.918086] Enter: dla_dequeue_operation
[ 2194.918319] exit SDP as there's no further operation
[ 2194.918580] Exit: dla_dequeue_operation
[ 2194.918811] Enter: dla_free_op_desc op desc index 7 ROI 0
[ 2194.919133] Exit: dla_free_op_desc
[ 2194.919333] Exit:dla_op_completion processor SDP group0 status=0
[ 2194.919635] Exit:dla_handle_events, ret:0
[ 2194.919869] Enter:dla_handle_events, processor:PDP
[ 2194.920127] Exit:dla_handle_events, ret:0
[ 2194.920358] Enter:dla_handle_events, processor:CDP
[ 2194.920587] Exit:dla_handle_events, ret:0
[ 2194.920790] Enter:dla_handle_events, processor:RUBIK
[ 2194.921013] Exit:dla_handle_events, ret:0
[ 2195.030564] Enter:dla_handle_events, processor:BDMA
[ 2195.030859] Exit:dla_handle_events, ret:0
[ 2195.031043] Enter:dla_handle_events, processor:Convolution
[ 2195.031315] Handle cdma data done event, processor Convolution group 1
[ 2195.031624] Exit:dla_handle_events, ret:0
[ 2195.031814] Enter:dla_handle_events, processor:SDP
[ 2195.032025] Exit:dla_handle_events, ret:0
[ 2195.032218] Enter:dla_handle_events, processor:PDP
[ 2195.032439] Exit:dla_handle_events, ret:0
[ 2195.032592] Enter:dla_handle_events, processor:CDP
[ 2195.032763] Exit:dla_handle_events, ret:0
[ 2195.032909] Enter:dla_handle_events, processor:RUBIK
[ 2195.033082] Exit:dla_handle_events, ret:0
[ 2195.095319] Enter:dla_handle_events, processor:BDMA
[ 2195.095648] Exit:dla_handle_events, ret:0
[ 2195.095837] Enter:dla_handle_events, processor:Convolution
[ 2195.096128] Handle cdma weight done event, processor Convolution group 1
[ 2195.096483] Exit:dla_handle_events, ret:0
[ 2195.096710] Enter:dla_handle_events, processor:SDP
[ 2195.096952] Exit:dla_handle_events, ret:0
[ 2195.097178] Enter:dla_handle_events, processor:PDP
[ 2195.097437] Exit:dla_handle_events, ret:0
[ 2195.097666] Enter:dla_handle_events, processor:CDP
[ 2195.097927] Exit:dla_handle_events, ret:0
[ 2195.098148] Enter:dla_handle_events, processor:RUBIK
[ 2195.098421] Exit:dla_handle_events, ret:0
[ 2195.109438] Enter:dla_handle_events, processor:BDMA
[ 2195.109824] Exit:dla_handle_events, ret:0
[ 2195.110053] Enter:dla_handle_events, processor:Convolution
[ 2195.110440] Handle op complete event, processor Convolution group 1
[ 2195.110911] Enter:dla_op_completion processor Convolution group1
[ 2195.111222] Completed Convolution operation index 8 ROI 0
[ 2195.111536] 9 HWLs done, totally 10 layers
[ 2195.111769] Enter: dla_dequeue_operation
[ 2195.111979] exit Convolution as there's no further operation
[ 2195.112281] Exit: dla_dequeue_operation
[ 2195.112547] Exit:dla_op_completion processor Convolution group1 status=0
[ 2195.112946] Exit:dla_handle_events, ret:0
[ 2195.113180] Enter:dla_handle_events, processor:SDP
[ 2195.113403] Handle op complete event, processor SDP group 1
[ 2195.113667] Enter:dla_op_completion processor SDP group1
[ 2195.113920] Completed SDP operation index 9 ROI 0
[ 2195.114146] 10 HWLs done, totally 10 layers
[ 2195.114345] Enter: dla_free_op_desc op desc index 8 ROI 0
[ 2195.114677] Exit: dla_free_op_desc
[ 2195.114848] Enter: dla_free_op_desc op desc index 9 ROI 0
[ 2195.115062] Exit: dla_free_op_desc
[ 2195.115199] Exit:dla_op_completion processor SDP group1 status=0
[ 2195.115404] Exit:dla_handle_events, ret:0
[ 2195.115578] Enter:dla_handle_events, processor:PDP
[ 2195.115791] Exit:dla_handle_events, ret:0
[ 2195.115996] Enter:dla_handle_events, processor:CDP
[ 2195.116203] Exit:dla_handle_events, ret:0
[ 2195.116386] Enter:dla_handle_events, processor:RUBIK
[ 2195.116597] Exit:dla_handle_events, ret:0
[ 2195.120660] reset engine done
Work Found!
Work Done
execution time = 29226171.000000 s
Shutdown signal received, exiting
Test pass
